{
	"numFailedTestSuites": 0,
	"numFailedTests": 0,
	"numPassedTestSuites": 9,
	"numPassedTests": 289,
	"numPendingTestSuites": 0,
	"numPendingTests": 0,
	"numRuntimeErrorTestSuites": 0,
	"numTodoTests": 0,
	"numTotalTestSuites": 9,
	"numTotalTests": 289,
	"openHandles": [],
	"snapshot": {
		"added": 0,
		"didUpdate": false,
		"failure": false,
		"filesAdded": 0,
		"filesRemoved": 0,
		"filesRemovedList": [],
		"filesUnmatched": 0,
		"filesUpdated": 0,
		"matched": 0,
		"total": 0,
		"unchecked": 0,
		"uncheckedKeysByFile": [],
		"unmatched": 0,
		"updated": 0
	},
	"startTime": 1760415252043,
	"success": false,
	"testResults": [
		{
			"assertionResults": [
				{
					"ancestorTitles": ["parseLua", "Happy Path - Valid Lua Code"],
					"duration": 1,
					"failureDetails": [],
					"failureMessages": [],
					"fullName": "parseLua Happy Path - Valid Lua Code should parse simple variable declaration",
					"invocations": 1,
					"location": null,
					"numPassingAsserts": 4,
					"retryReasons": [],
					"status": "passed",
					"title": "should parse simple variable declaration"
				},
				{
					"ancestorTitles": ["parseLua", "Happy Path - Valid Lua Code"],
					"duration": 0,
					"failureDetails": [],
					"failureMessages": [],
					"fullName": "parseLua Happy Path - Valid Lua Code should parse function declaration",
					"invocations": 1,
					"location": null,
					"numPassingAsserts": 3,
					"retryReasons": [],
					"status": "passed",
					"title": "should parse function declaration"
				},
				{
					"ancestorTitles": ["parseLua", "Happy Path - Valid Lua Code"],
					"duration": 1,
					"failureDetails": [],
					"failureMessages": [],
					"fullName": "parseLua Happy Path - Valid Lua Code should parse string literals",
					"invocations": 1,
					"location": null,
					"numPassingAsserts": 3,
					"retryReasons": [],
					"status": "passed",
					"title": "should parse string literals"
				},
				{
					"ancestorTitles": ["parseLua", "Happy Path - Valid Lua Code"],
					"duration": 0,
					"failureDetails": [],
					"failureMessages": [],
					"fullName": "parseLua Happy Path - Valid Lua Code should parse complex table constructor",
					"invocations": 1,
					"location": null,
					"numPassingAsserts": 3,
					"retryReasons": [],
					"status": "passed",
					"title": "should parse complex table constructor"
				},
				{
					"ancestorTitles": ["parseLua", "Happy Path - Valid Lua Code"],
					"duration": 0,
					"failureDetails": [],
					"failureMessages": [],
					"fullName": "parseLua Happy Path - Valid Lua Code should parse if statements",
					"invocations": 1,
					"location": null,
					"numPassingAsserts": 3,
					"retryReasons": [],
					"status": "passed",
					"title": "should parse if statements"
				},
				{
					"ancestorTitles": ["parseLua", "Happy Path - Valid Lua Code"],
					"duration": 0,
					"failureDetails": [],
					"failureMessages": [],
					"fullName": "parseLua Happy Path - Valid Lua Code should parse for loops",
					"invocations": 1,
					"location": null,
					"numPassingAsserts": 3,
					"retryReasons": [],
					"status": "passed",
					"title": "should parse for loops"
				},
				{
					"ancestorTitles": ["parseLua", "Happy Path - Valid Lua Code"],
					"duration": 1,
					"failureDetails": [],
					"failureMessages": [],
					"fullName": "parseLua Happy Path - Valid Lua Code should parse complete programs",
					"invocations": 1,
					"location": null,
					"numPassingAsserts": 3,
					"retryReasons": [],
					"status": "passed",
					"title": "should parse complete programs"
				},
				{
					"ancestorTitles": ["parseLua", "Happy Path - Valid Lua Code"],
					"duration": 0,
					"failureDetails": [],
					"failureMessages": [],
					"fullName": "parseLua Happy Path - Valid Lua Code should include locations and ranges in AST",
					"invocations": 1,
					"location": null,
					"numPassingAsserts": 3,
					"retryReasons": [],
					"status": "passed",
					"title": "should include locations and ranges in AST"
				},
				{
					"ancestorTitles": ["parseLua", "Error Conditions - Invalid Lua Code"],
					"duration": 0,
					"failureDetails": [],
					"failureMessages": [],
					"fullName": "parseLua Error Conditions - Invalid Lua Code should fail on incomplete statement",
					"invocations": 1,
					"location": null,
					"numPassingAsserts": 4,
					"retryReasons": [],
					"status": "passed",
					"title": "should fail on incomplete statement"
				},
				{
					"ancestorTitles": ["parseLua", "Error Conditions - Invalid Lua Code"],
					"duration": 0,
					"failureDetails": [],
					"failureMessages": [],
					"fullName": "parseLua Error Conditions - Invalid Lua Code should fail on unclosed function",
					"invocations": 1,
					"location": null,
					"numPassingAsserts": 3,
					"retryReasons": [],
					"status": "passed",
					"title": "should fail on unclosed function"
				},
				{
					"ancestorTitles": ["parseLua", "Error Conditions - Invalid Lua Code"],
					"duration": 0,
					"failureDetails": [],
					"failureMessages": [],
					"fullName": "parseLua Error Conditions - Invalid Lua Code should fail on unclosed string",
					"invocations": 1,
					"location": null,
					"numPassingAsserts": 3,
					"retryReasons": [],
					"status": "passed",
					"title": "should fail on unclosed string"
				},
				{
					"ancestorTitles": ["parseLua", "Error Conditions - Invalid Lua Code"],
					"duration": 0,
					"failureDetails": [],
					"failureMessages": [],
					"fullName": "parseLua Error Conditions - Invalid Lua Code should fail on invalid keyword usage",
					"invocations": 1,
					"location": null,
					"numPassingAsserts": 3,
					"retryReasons": [],
					"status": "passed",
					"title": "should fail on invalid keyword usage"
				},
				{
					"ancestorTitles": ["parseLua", "Error Conditions - Invalid Lua Code"],
					"duration": 0,
					"failureDetails": [],
					"failureMessages": [],
					"fullName": "parseLua Error Conditions - Invalid Lua Code should fail on missing end keyword",
					"invocations": 1,
					"location": null,
					"numPassingAsserts": 3,
					"retryReasons": [],
					"status": "passed",
					"title": "should fail on missing end keyword"
				},
				{
					"ancestorTitles": ["parseLua", "Error Conditions - Invalid Lua Code"],
					"duration": 0,
					"failureDetails": [],
					"failureMessages": [],
					"fullName": "parseLua Error Conditions - Invalid Lua Code should fail on extra end keyword",
					"invocations": 1,
					"location": null,
					"numPassingAsserts": 3,
					"retryReasons": [],
					"status": "passed",
					"title": "should fail on extra end keyword"
				},
				{
					"ancestorTitles": ["parseLua", "Error Conditions - Invalid Lua Code"],
					"duration": 0,
					"failureDetails": [],
					"failureMessages": [],
					"fullName": "parseLua Error Conditions - Invalid Lua Code should return error message on parse failure",
					"invocations": 1,
					"location": null,
					"numPassingAsserts": 4,
					"retryReasons": [],
					"status": "passed",
					"title": "should return error message on parse failure"
				},
				{
					"ancestorTitles": ["parseLua", "Error Conditions - Invalid Lua Code"],
					"duration": 0,
					"failureDetails": [],
					"failureMessages": [],
					"fullName": "parseLua Error Conditions - Invalid Lua Code should extract line and column information from parse errors",
					"invocations": 1,
					"location": null,
					"numPassingAsserts": 5,
					"retryReasons": [],
					"status": "passed",
					"title": "should extract line and column information from parse errors"
				},
				{
					"ancestorTitles": ["parseLua", "Error Conditions - Invalid Lua Code"],
					"duration": 0,
					"failureDetails": [],
					"failureMessages": [],
					"fullName": "parseLua Error Conditions - Invalid Lua Code should include error details with line information",
					"invocations": 1,
					"location": null,
					"numPassingAsserts": 3,
					"retryReasons": [],
					"status": "passed",
					"title": "should include error details with line information"
				},
				{
					"ancestorTitles": ["parseLua", "Error Conditions - Invalid Lua Code"],
					"duration": 0,
					"failureDetails": [],
					"failureMessages": [],
					"fullName": "parseLua Error Conditions - Invalid Lua Code should provide error details for unclosed string",
					"invocations": 1,
					"location": null,
					"numPassingAsserts": 3,
					"retryReasons": [],
					"status": "passed",
					"title": "should provide error details for unclosed string"
				},
				{
					"ancestorTitles": ["parseLua", "Error Conditions - Invalid Lua Code"],
					"duration": 0,
					"failureDetails": [],
					"failureMessages": [],
					"fullName": "parseLua Error Conditions - Invalid Lua Code should extract line and column from error with [line:column] format",
					"invocations": 1,
					"location": null,
					"numPassingAsserts": 3,
					"retryReasons": [],
					"status": "passed",
					"title": "should extract line and column from error with [line:column] format"
				},
				{
					"ancestorTitles": ["parseLua", "Error Conditions - Invalid Lua Code"],
					"duration": 0,
					"failureDetails": [],
					"failureMessages": [],
					"fullName": "parseLua Error Conditions - Invalid Lua Code should extract line from error with 'line X' format",
					"invocations": 1,
					"location": null,
					"numPassingAsserts": 3,
					"retryReasons": [],
					"status": "passed",
					"title": "should extract line from error with 'line X' format"
				},
				{
					"ancestorTitles": ["parseLua", "Error Conditions - Invalid Lua Code"],
					"duration": 1,
					"failureDetails": [],
					"failureMessages": [],
					"fullName": "parseLua Error Conditions - Invalid Lua Code should handle error without line/column information",
					"invocations": 1,
					"location": null,
					"numPassingAsserts": 4,
					"retryReasons": [],
					"status": "passed",
					"title": "should handle error without line/column information"
				},
				{
					"ancestorTitles": ["parseLua", "Error Conditions - Invalid Lua Code"],
					"duration": 0,
					"failureDetails": [],
					"failureMessages": [],
					"fullName": "parseLua Error Conditions - Invalid Lua Code should clean up error message by removing location prefix",
					"invocations": 1,
					"location": null,
					"numPassingAsserts": 5,
					"retryReasons": [],
					"status": "passed",
					"title": "should clean up error message by removing location prefix"
				},
				{
					"ancestorTitles": ["parseLua", "Edge Cases"],
					"duration": 0,
					"failureDetails": [],
					"failureMessages": [],
					"fullName": "parseLua Edge Cases should handle empty string",
					"invocations": 1,
					"location": null,
					"numPassingAsserts": 3,
					"retryReasons": [],
					"status": "passed",
					"title": "should handle empty string"
				},
				{
					"ancestorTitles": ["parseLua", "Edge Cases"],
					"duration": 0,
					"failureDetails": [],
					"failureMessages": [],
					"fullName": "parseLua Edge Cases should handle whitespace only",
					"invocations": 1,
					"location": null,
					"numPassingAsserts": 3,
					"retryReasons": [],
					"status": "passed",
					"title": "should handle whitespace only"
				},
				{
					"ancestorTitles": ["parseLua", "Edge Cases"],
					"duration": 0,
					"failureDetails": [],
					"failureMessages": [],
					"fullName": "parseLua Edge Cases should handle comments only",
					"invocations": 1,
					"location": null,
					"numPassingAsserts": 2,
					"retryReasons": [],
					"status": "passed",
					"title": "should handle comments only"
				},
				{
					"ancestorTitles": ["parseLua", "Edge Cases"],
					"duration": 1,
					"failureDetails": [],
					"failureMessages": [],
					"fullName": "parseLua Edge Cases should handle very long identifiers",
					"invocations": 1,
					"location": null,
					"numPassingAsserts": 2,
					"retryReasons": [],
					"status": "passed",
					"title": "should handle very long identifiers"
				},
				{
					"ancestorTitles": ["parseLua", "Edge Cases"],
					"duration": 0,
					"failureDetails": [],
					"failureMessages": [],
					"fullName": "parseLua Edge Cases should handle deeply nested structures",
					"invocations": 1,
					"location": null,
					"numPassingAsserts": 2,
					"retryReasons": [],
					"status": "passed",
					"title": "should handle deeply nested structures"
				},
				{
					"ancestorTitles": ["parseLua", "Edge Cases"],
					"duration": 0,
					"failureDetails": [],
					"failureMessages": [],
					"fullName": "parseLua Edge Cases should handle mixed whitespace",
					"invocations": 1,
					"location": null,
					"numPassingAsserts": 2,
					"retryReasons": [],
					"status": "passed",
					"title": "should handle mixed whitespace"
				},
				{
					"ancestorTitles": ["parseLua", "Edge Cases"],
					"duration": 0,
					"failureDetails": [],
					"failureMessages": [],
					"fullName": "parseLua Edge Cases should handle unicode characters in strings",
					"invocations": 1,
					"location": null,
					"numPassingAsserts": 2,
					"retryReasons": [],
					"status": "passed",
					"title": "should handle unicode characters in strings"
				},
				{
					"ancestorTitles": ["parseLua", "Edge Cases"],
					"duration": 0,
					"failureDetails": [],
					"failureMessages": [],
					"fullName": "parseLua Edge Cases should handle strings with escape sequences",
					"invocations": 1,
					"location": null,
					"numPassingAsserts": 2,
					"retryReasons": [],
					"status": "passed",
					"title": "should handle strings with escape sequences"
				},
				{
					"ancestorTitles": ["validateLua", "Happy Path - Valid Code"],
					"duration": 0,
					"failureDetails": [],
					"failureMessages": [],
					"fullName": "validateLua Happy Path - Valid Code should return true for valid Lua code",
					"invocations": 1,
					"location": null,
					"numPassingAsserts": 3,
					"retryReasons": [],
					"status": "passed",
					"title": "should return true for valid Lua code"
				},
				{
					"ancestorTitles": ["validateLua", "Happy Path - Valid Code"],
					"duration": 0,
					"failureDetails": [],
					"failureMessages": [],
					"fullName": "validateLua Happy Path - Valid Code should return true for empty code",
					"invocations": 1,
					"location": null,
					"numPassingAsserts": 1,
					"retryReasons": [],
					"status": "passed",
					"title": "should return true for empty code"
				},
				{
					"ancestorTitles": ["validateLua", "Happy Path - Valid Code"],
					"duration": 0,
					"failureDetails": [],
					"failureMessages": [],
					"fullName": "validateLua Happy Path - Valid Code should return true for whitespace only",
					"invocations": 1,
					"location": null,
					"numPassingAsserts": 1,
					"retryReasons": [],
					"status": "passed",
					"title": "should return true for whitespace only"
				},
				{
					"ancestorTitles": ["validateLua", "Error Conditions - Invalid Code"],
					"duration": 0,
					"failureDetails": [],
					"failureMessages": [],
					"fullName": "validateLua Error Conditions - Invalid Code should return false for invalid Lua code",
					"invocations": 1,
					"location": null,
					"numPassingAsserts": 3,
					"retryReasons": [],
					"status": "passed",
					"title": "should return false for invalid Lua code"
				},
				{
					"ancestorTitles": ["validateLua", "Error Conditions - Invalid Code"],
					"duration": 0,
					"failureDetails": [],
					"failureMessages": [],
					"fullName": "validateLua Error Conditions - Invalid Code should return false for syntax errors",
					"invocations": 1,
					"location": null,
					"numPassingAsserts": 2,
					"retryReasons": [],
					"status": "passed",
					"title": "should return false for syntax errors"
				}
			],
			"endTime": 1760415252428,
			"message": "",
			"name": "/Users/billchirico/Developer/LUA-Obfuscator/web/__tests__/unit/lib/parser.test.ts",
			"startTime": 1760415252296,
			"status": "passed",
			"summary": ""
		},
		{
			"assertionResults": [
				{
					"ancestorTitles": ["LuaObfuscator", "Happy Path - Full Obfuscation"],
					"duration": 2,
					"failureDetails": [],
					"failureMessages": [],
					"fullName": "LuaObfuscator Happy Path - Full Obfuscation should successfully obfuscate simple variable declaration",
					"invocations": 1,
					"location": null,
					"numPassingAsserts": 4,
					"retryReasons": [],
					"status": "passed",
					"title": "should successfully obfuscate simple variable declaration"
				},
				{
					"ancestorTitles": ["LuaObfuscator", "Happy Path - Full Obfuscation"],
					"duration": 0,
					"failureDetails": [],
					"failureMessages": [],
					"fullName": "LuaObfuscator Happy Path - Full Obfuscation should successfully obfuscate function declaration",
					"invocations": 1,
					"location": null,
					"numPassingAsserts": 3,
					"retryReasons": [],
					"status": "passed",
					"title": "should successfully obfuscate function declaration"
				},
				{
					"ancestorTitles": ["LuaObfuscator", "Happy Path - Full Obfuscation"],
					"duration": 1,
					"failureDetails": [],
					"failureMessages": [],
					"fullName": "LuaObfuscator Happy Path - Full Obfuscation should successfully obfuscate complete programs",
					"invocations": 1,
					"location": null,
					"numPassingAsserts": 3,
					"retryReasons": [],
					"status": "passed",
					"title": "should successfully obfuscate complete programs"
				},
				{
					"ancestorTitles": ["LuaObfuscator", "Happy Path - Full Obfuscation"],
					"duration": 1,
					"failureDetails": [],
					"failureMessages": [],
					"fullName": "LuaObfuscator Happy Path - Full Obfuscation should return result with all expected properties",
					"invocations": 1,
					"location": null,
					"numPassingAsserts": 3,
					"retryReasons": [],
					"status": "passed",
					"title": "should return result with all expected properties"
				},
				{
					"ancestorTitles": ["LuaObfuscator", "Technique 1: Name Mangling"],
					"duration": 0,
					"failureDetails": [],
					"failureMessages": [],
					"fullName": "LuaObfuscator Technique 1: Name Mangling should mangle local variable names",
					"invocations": 1,
					"location": null,
					"numPassingAsserts": 3,
					"retryReasons": [],
					"status": "passed",
					"title": "should mangle local variable names"
				},
				{
					"ancestorTitles": ["LuaObfuscator", "Technique 1: Name Mangling"],
					"duration": 0,
					"failureDetails": [],
					"failureMessages": [],
					"fullName": "LuaObfuscator Technique 1: Name Mangling should mangle local function names",
					"invocations": 1,
					"location": null,
					"numPassingAsserts": 3,
					"retryReasons": [],
					"status": "passed",
					"title": "should mangle local function names"
				},
				{
					"ancestorTitles": ["LuaObfuscator", "Technique 1: Name Mangling"],
					"duration": 0,
					"failureDetails": [],
					"failureMessages": [],
					"fullName": "LuaObfuscator Technique 1: Name Mangling should mangle function parameters",
					"invocations": 1,
					"location": null,
					"numPassingAsserts": 3,
					"retryReasons": [],
					"status": "passed",
					"title": "should mangle function parameters"
				},
				{
					"ancestorTitles": ["LuaObfuscator", "Technique 1: Name Mangling"],
					"duration": 2,
					"failureDetails": [],
					"failureMessages": [],
					"fullName": "LuaObfuscator Technique 1: Name Mangling should preserve global function names",
					"invocations": 1,
					"location": null,
					"numPassingAsserts": 50,
					"retryReasons": [],
					"status": "passed",
					"title": "should preserve global function names"
				},
				{
					"ancestorTitles": ["LuaObfuscator", "Technique 1: Name Mangling"],
					"duration": 0,
					"failureDetails": [],
					"failureMessages": [],
					"fullName": "LuaObfuscator Technique 1: Name Mangling should not mangle print function",
					"invocations": 1,
					"location": null,
					"numPassingAsserts": 2,
					"retryReasons": [],
					"status": "passed",
					"title": "should not mangle print function"
				},
				{
					"ancestorTitles": ["LuaObfuscator", "Technique 1: Name Mangling"],
					"duration": 0,
					"failureDetails": [],
					"failureMessages": [],
					"fullName": "LuaObfuscator Technique 1: Name Mangling should not mangle require function",
					"invocations": 1,
					"location": null,
					"numPassingAsserts": 2,
					"retryReasons": [],
					"status": "passed",
					"title": "should not mangle require function"
				},
				{
					"ancestorTitles": ["LuaObfuscator", "Technique 1: Name Mangling"],
					"duration": 0,
					"failureDetails": [],
					"failureMessages": [],
					"fullName": "LuaObfuscator Technique 1: Name Mangling should not mangle math library",
					"invocations": 1,
					"location": null,
					"numPassingAsserts": 2,
					"retryReasons": [],
					"status": "passed",
					"title": "should not mangle math library"
				},
				{
					"ancestorTitles": ["LuaObfuscator", "Technique 1: Name Mangling"],
					"duration": 1,
					"failureDetails": [],
					"failureMessages": [],
					"fullName": "LuaObfuscator Technique 1: Name Mangling should consistently mangle same name across uses",
					"invocations": 1,
					"location": null,
					"numPassingAsserts": 4,
					"retryReasons": [],
					"status": "passed",
					"title": "should consistently mangle same name across uses"
				},
				{
					"ancestorTitles": ["LuaObfuscator", "Technique 1: Name Mangling"],
					"duration": 0,
					"failureDetails": [],
					"failureMessages": [],
					"fullName": "LuaObfuscator Technique 1: Name Mangling should generate unique names for different variables",
					"invocations": 1,
					"location": null,
					"numPassingAsserts": 3,
					"retryReasons": [],
					"status": "passed",
					"title": "should generate unique names for different variables"
				},
				{
					"ancestorTitles": ["LuaObfuscator", "Technique 1: Name Mangling"],
					"duration": 0,
					"failureDetails": [],
					"failureMessages": [],
					"fullName": "LuaObfuscator Technique 1: Name Mangling should mangle nested function variables independently",
					"invocations": 1,
					"location": null,
					"numPassingAsserts": 3,
					"retryReasons": [],
					"status": "passed",
					"title": "should mangle nested function variables independently"
				},
				{
					"ancestorTitles": ["LuaObfuscator", "Technique 2: String Encoding"],
					"duration": 0,
					"failureDetails": [],
					"failureMessages": [],
					"fullName": "LuaObfuscator Technique 2: String Encoding should encode string literals",
					"invocations": 1,
					"location": null,
					"numPassingAsserts": 2,
					"retryReasons": [],
					"status": "passed",
					"title": "should encode string literals"
				},
				{
					"ancestorTitles": ["LuaObfuscator", "Technique 2: String Encoding"],
					"duration": 0,
					"failureDetails": [],
					"failureMessages": [],
					"fullName": "LuaObfuscator Technique 2: String Encoding should encode strings with special characters",
					"invocations": 1,
					"location": null,
					"numPassingAsserts": 2,
					"retryReasons": [],
					"status": "passed",
					"title": "should encode strings with special characters"
				},
				{
					"ancestorTitles": ["LuaObfuscator", "Technique 2: String Encoding"],
					"duration": 0,
					"failureDetails": [],
					"failureMessages": [],
					"fullName": "LuaObfuscator Technique 2: String Encoding should encode unicode strings",
					"invocations": 1,
					"location": null,
					"numPassingAsserts": 2,
					"retryReasons": [],
					"status": "passed",
					"title": "should encode unicode strings"
				},
				{
					"ancestorTitles": ["LuaObfuscator", "Technique 2: String Encoding"],
					"duration": 0,
					"failureDetails": [],
					"failureMessages": [],
					"fullName": "LuaObfuscator Technique 2: String Encoding should encode empty strings",
					"invocations": 1,
					"location": null,
					"numPassingAsserts": 2,
					"retryReasons": [],
					"status": "passed",
					"title": "should encode empty strings"
				},
				{
					"ancestorTitles": ["LuaObfuscator", "Technique 2: String Encoding"],
					"duration": 1,
					"failureDetails": [],
					"failureMessages": [],
					"fullName": "LuaObfuscator Technique 2: String Encoding should encode multiple strings independently",
					"invocations": 1,
					"location": null,
					"numPassingAsserts": 2,
					"retryReasons": [],
					"status": "passed",
					"title": "should encode multiple strings independently"
				},
				{
					"ancestorTitles": ["LuaObfuscator", "Technique 3: Minification"],
					"duration": 0,
					"failureDetails": [],
					"failureMessages": [],
					"fullName": "LuaObfuscator Technique 3: Minification should remove single-line comments",
					"invocations": 1,
					"location": null,
					"numPassingAsserts": 3,
					"retryReasons": [],
					"status": "passed",
					"title": "should remove single-line comments"
				},
				{
					"ancestorTitles": ["LuaObfuscator", "Technique 3: Minification"],
					"duration": 0,
					"failureDetails": [],
					"failureMessages": [],
					"fullName": "LuaObfuscator Technique 3: Minification should remove inline comments",
					"invocations": 1,
					"location": null,
					"numPassingAsserts": 3,
					"retryReasons": [],
					"status": "passed",
					"title": "should remove inline comments"
				},
				{
					"ancestorTitles": ["LuaObfuscator", "Technique 3: Minification"],
					"duration": 0,
					"failureDetails": [],
					"failureMessages": [],
					"fullName": "LuaObfuscator Technique 3: Minification should remove multiple single-line comments",
					"invocations": 1,
					"location": null,
					"numPassingAsserts": 3,
					"retryReasons": [],
					"status": "passed",
					"title": "should remove multiple single-line comments"
				},
				{
					"ancestorTitles": ["LuaObfuscator", "Technique 3: Minification"],
					"duration": 0,
					"failureDetails": [],
					"failureMessages": [],
					"fullName": "LuaObfuscator Technique 3: Minification should remove multi-line comments",
					"invocations": 1,
					"location": null,
					"numPassingAsserts": 4,
					"retryReasons": [],
					"status": "passed",
					"title": "should remove multi-line comments"
				},
				{
					"ancestorTitles": ["LuaObfuscator", "Technique 3: Minification"],
					"duration": 0,
					"failureDetails": [],
					"failureMessages": [],
					"fullName": "LuaObfuscator Technique 3: Minification should reduce excessive whitespace",
					"invocations": 1,
					"location": null,
					"numPassingAsserts": 2,
					"retryReasons": [],
					"status": "passed",
					"title": "should reduce excessive whitespace"
				},
				{
					"ancestorTitles": ["LuaObfuscator", "Technique 3: Minification"],
					"duration": 0,
					"failureDetails": [],
					"failureMessages": [],
					"fullName": "LuaObfuscator Technique 3: Minification should preserve necessary whitespace around keywords",
					"invocations": 1,
					"location": null,
					"numPassingAsserts": 3,
					"retryReasons": [],
					"status": "passed",
					"title": "should preserve necessary whitespace around keywords"
				},
				{
					"ancestorTitles": ["LuaObfuscator", "Technique 3: Minification"],
					"duration": 0,
					"failureDetails": [],
					"failureMessages": [],
					"fullName": "LuaObfuscator Technique 3: Minification should not remove content inside strings",
					"invocations": 1,
					"location": null,
					"numPassingAsserts": 2,
					"retryReasons": [],
					"status": "passed",
					"title": "should not remove content inside strings"
				},
				{
					"ancestorTitles": ["LuaObfuscator", "Combined Techniques"],
					"duration": 0,
					"failureDetails": [],
					"failureMessages": [],
					"fullName": "LuaObfuscator Combined Techniques should apply all techniques when all options enabled",
					"invocations": 1,
					"location": null,
					"numPassingAsserts": 4,
					"retryReasons": [],
					"status": "passed",
					"title": "should apply all techniques when all options enabled"
				},
				{
					"ancestorTitles": ["LuaObfuscator", "Combined Techniques"],
					"duration": 0,
					"failureDetails": [],
					"failureMessages": [],
					"fullName": "LuaObfuscator Combined Techniques should apply selective techniques",
					"invocations": 1,
					"location": null,
					"numPassingAsserts": 2,
					"retryReasons": [],
					"status": "passed",
					"title": "should apply selective techniques"
				},
				{
					"ancestorTitles": ["LuaObfuscator", "Combined Techniques"],
					"duration": 0,
					"failureDetails": [],
					"failureMessages": [],
					"fullName": "LuaObfuscator Combined Techniques should handle no options (all defaults)",
					"invocations": 1,
					"location": null,
					"numPassingAsserts": 2,
					"retryReasons": [],
					"status": "passed",
					"title": "should handle no options (all defaults)"
				},
				{
					"ancestorTitles": ["LuaObfuscator", "Error Conditions"],
					"duration": 0,
					"failureDetails": [],
					"failureMessages": [],
					"fullName": "LuaObfuscator Error Conditions should fail gracefully on invalid Lua syntax",
					"invocations": 1,
					"location": null,
					"numPassingAsserts": 4,
					"retryReasons": [],
					"status": "passed",
					"title": "should fail gracefully on invalid Lua syntax"
				},
				{
					"ancestorTitles": ["LuaObfuscator", "Error Conditions"],
					"duration": 0,
					"failureDetails": [],
					"failureMessages": [],
					"fullName": "LuaObfuscator Error Conditions should return error message on parse failure",
					"invocations": 1,
					"location": null,
					"numPassingAsserts": 3,
					"retryReasons": [],
					"status": "passed",
					"title": "should return error message on parse failure"
				},
				{
					"ancestorTitles": ["LuaObfuscator", "Error Conditions"],
					"duration": 0,
					"failureDetails": [],
					"failureMessages": [],
					"fullName": "LuaObfuscator Error Conditions should handle unclosed function gracefully",
					"invocations": 1,
					"location": null,
					"numPassingAsserts": 2,
					"retryReasons": [],
					"status": "passed",
					"title": "should handle unclosed function gracefully"
				},
				{
					"ancestorTitles": ["LuaObfuscator", "Error Conditions"],
					"duration": 0,
					"failureDetails": [],
					"failureMessages": [],
					"fullName": "LuaObfuscator Error Conditions should handle unclosed string gracefully",
					"invocations": 1,
					"location": null,
					"numPassingAsserts": 2,
					"retryReasons": [],
					"status": "passed",
					"title": "should handle unclosed string gracefully"
				},
				{
					"ancestorTitles": ["LuaObfuscator", "Edge Cases"],
					"duration": 0,
					"failureDetails": [],
					"failureMessages": [],
					"fullName": "LuaObfuscator Edge Cases should handle empty code",
					"invocations": 1,
					"location": null,
					"numPassingAsserts": 2,
					"retryReasons": [],
					"status": "passed",
					"title": "should handle empty code"
				},
				{
					"ancestorTitles": ["LuaObfuscator", "Edge Cases"],
					"duration": 0,
					"failureDetails": [],
					"failureMessages": [],
					"fullName": "LuaObfuscator Edge Cases should handle whitespace only",
					"invocations": 1,
					"location": null,
					"numPassingAsserts": 2,
					"retryReasons": [],
					"status": "passed",
					"title": "should handle whitespace only"
				},
				{
					"ancestorTitles": ["LuaObfuscator", "Edge Cases"],
					"duration": 1,
					"failureDetails": [],
					"failureMessages": [],
					"fullName": "LuaObfuscator Edge Cases should handle very long code",
					"invocations": 1,
					"location": null,
					"numPassingAsserts": 2,
					"retryReasons": [],
					"status": "passed",
					"title": "should handle very long code"
				},
				{
					"ancestorTitles": ["LuaObfuscator", "Edge Cases"],
					"duration": 1,
					"failureDetails": [],
					"failureMessages": [],
					"fullName": "LuaObfuscator Edge Cases should handle deeply nested structures",
					"invocations": 1,
					"location": null,
					"numPassingAsserts": 2,
					"retryReasons": [],
					"status": "passed",
					"title": "should handle deeply nested structures"
				},
				{
					"ancestorTitles": ["LuaObfuscator", "Edge Cases"],
					"duration": 0,
					"failureDetails": [],
					"failureMessages": [],
					"fullName": "LuaObfuscator Edge Cases should reset state between obfuscations",
					"invocations": 1,
					"location": null,
					"numPassingAsserts": 4,
					"retryReasons": [],
					"status": "passed",
					"title": "should reset state between obfuscations"
				},
				{
					"ancestorTitles": ["obfuscateLua convenience function"],
					"duration": 0,
					"failureDetails": [],
					"failureMessages": [],
					"fullName": "obfuscateLua convenience function should successfully obfuscate code",
					"invocations": 1,
					"location": null,
					"numPassingAsserts": 3,
					"retryReasons": [],
					"status": "passed",
					"title": "should successfully obfuscate code"
				},
				{
					"ancestorTitles": ["obfuscateLua convenience function"],
					"duration": 0,
					"failureDetails": [],
					"failureMessages": [],
					"fullName": "obfuscateLua convenience function should accept custom options",
					"invocations": 1,
					"location": null,
					"numPassingAsserts": 2,
					"retryReasons": [],
					"status": "passed",
					"title": "should accept custom options"
				},
				{
					"ancestorTitles": ["obfuscateLua convenience function"],
					"duration": 0,
					"failureDetails": [],
					"failureMessages": [],
					"fullName": "obfuscateLua convenience function should handle errors",
					"invocations": 1,
					"location": null,
					"numPassingAsserts": 2,
					"retryReasons": [],
					"status": "passed",
					"title": "should handle errors"
				},
				{
					"ancestorTitles": ["obfuscateLua convenience function"],
					"duration": 1,
					"failureDetails": [],
					"failureMessages": [],
					"fullName": "obfuscateLua convenience function should work with default options",
					"invocations": 1,
					"location": null,
					"numPassingAsserts": 2,
					"retryReasons": [],
					"status": "passed",
					"title": "should work with default options"
				}
			],
			"endTime": 1760415252485,
			"message": "",
			"name": "/Users/billchirico/Developer/LUA-Obfuscator/web/__tests__/unit/lib/obfuscator.test.ts",
			"startTime": 1760415252436,
			"status": "passed",
			"summary": ""
		},
		{
			"assertionResults": [
				{
					"ancestorTitles": ["sendGA4Event"],
					"duration": 1,
					"failureDetails": [],
					"failureMessages": [],
					"fullName": "sendGA4Event should send event successfully",
					"invocations": 1,
					"location": null,
					"numPassingAsserts": 3,
					"retryReasons": [],
					"status": "passed",
					"title": "should send event successfully"
				},
				{
					"ancestorTitles": ["sendGA4Event"],
					"duration": 0,
					"failureDetails": [],
					"failureMessages": [],
					"fullName": "sendGA4Event should include measurement ID and API secret in URL",
					"invocations": 1,
					"location": null,
					"numPassingAsserts": 2,
					"retryReasons": [],
					"status": "passed",
					"title": "should include measurement ID and API secret in URL"
				},
				{
					"ancestorTitles": ["sendGA4Event"],
					"duration": 0,
					"failureDetails": [],
					"failureMessages": [],
					"fullName": "sendGA4Event should include client ID in payload",
					"invocations": 1,
					"location": null,
					"numPassingAsserts": 1,
					"retryReasons": [],
					"status": "passed",
					"title": "should include client ID in payload"
				},
				{
					"ancestorTitles": ["sendGA4Event"],
					"duration": 0,
					"failureDetails": [],
					"failureMessages": [],
					"fullName": "sendGA4Event should include events in payload",
					"invocations": 1,
					"location": null,
					"numPassingAsserts": 3,
					"retryReasons": [],
					"status": "passed",
					"title": "should include events in payload"
				},
				{
					"ancestorTitles": ["sendGA4Event"],
					"duration": 0,
					"failureDetails": [],
					"failureMessages": [],
					"fullName": "sendGA4Event should add engagement_time_msec to events",
					"invocations": 1,
					"location": null,
					"numPassingAsserts": 2,
					"retryReasons": [],
					"status": "passed",
					"title": "should add engagement_time_msec to events"
				},
				{
					"ancestorTitles": ["sendGA4Event"],
					"duration": 1,
					"failureDetails": [],
					"failureMessages": [],
					"fullName": "sendGA4Event should preserve custom engagement time",
					"invocations": 1,
					"location": null,
					"numPassingAsserts": 1,
					"retryReasons": [],
					"status": "passed",
					"title": "should preserve custom engagement time"
				},
				{
					"ancestorTitles": ["sendGA4Event"],
					"duration": 0,
					"failureDetails": [],
					"failureMessages": [],
					"fullName": "sendGA4Event should include optional user ID",
					"invocations": 1,
					"location": null,
					"numPassingAsserts": 1,
					"retryReasons": [],
					"status": "passed",
					"title": "should include optional user ID"
				},
				{
					"ancestorTitles": ["sendGA4Event"],
					"duration": 0,
					"failureDetails": [],
					"failureMessages": [],
					"fullName": "sendGA4Event should include timestamp",
					"invocations": 1,
					"location": null,
					"numPassingAsserts": 3,
					"retryReasons": [],
					"status": "passed",
					"title": "should include timestamp"
				},
				{
					"ancestorTitles": ["sendGA4Event"],
					"duration": 7,
					"failureDetails": [],
					"failureMessages": [],
					"fullName": "sendGA4Event should handle missing measurement ID",
					"invocations": 1,
					"location": null,
					"numPassingAsserts": 3,
					"retryReasons": [],
					"status": "passed",
					"title": "should handle missing measurement ID"
				},
				{
					"ancestorTitles": ["sendGA4Event"],
					"duration": 0,
					"failureDetails": [],
					"failureMessages": [],
					"fullName": "sendGA4Event should handle missing API secret",
					"invocations": 1,
					"location": null,
					"numPassingAsserts": 2,
					"retryReasons": [],
					"status": "passed",
					"title": "should handle missing API secret"
				},
				{
					"ancestorTitles": ["sendGA4Event"],
					"duration": 0,
					"failureDetails": [],
					"failureMessages": [],
					"fullName": "sendGA4Event should handle HTTP error responses",
					"invocations": 1,
					"location": null,
					"numPassingAsserts": 3,
					"retryReasons": [],
					"status": "passed",
					"title": "should handle HTTP error responses"
				},
				{
					"ancestorTitles": ["sendGA4Event"],
					"duration": 3,
					"failureDetails": [],
					"failureMessages": [],
					"fullName": "sendGA4Event should handle network errors",
					"invocations": 1,
					"location": null,
					"numPassingAsserts": 2,
					"retryReasons": [],
					"status": "passed",
					"title": "should handle network errors"
				},
				{
					"ancestorTitles": ["sendGA4Event"],
					"duration": 0,
					"failureDetails": [],
					"failureMessages": [],
					"fullName": "sendGA4Event should log errors to console",
					"invocations": 1,
					"location": null,
					"numPassingAsserts": 1,
					"retryReasons": [],
					"status": "passed",
					"title": "should log errors to console"
				},
				{
					"ancestorTitles": ["generateClientId"],
					"duration": 0,
					"failureDetails": [],
					"failureMessages": [],
					"fullName": "generateClientId should generate a valid UUID",
					"invocations": 1,
					"location": null,
					"numPassingAsserts": 4,
					"retryReasons": [],
					"status": "passed",
					"title": "should generate a valid UUID"
				},
				{
					"ancestorTitles": ["generateClientId"],
					"duration": 0,
					"failureDetails": [],
					"failureMessages": [],
					"fullName": "generateClientId should generate unique IDs",
					"invocations": 1,
					"location": null,
					"numPassingAsserts": 3,
					"retryReasons": [],
					"status": "passed",
					"title": "should generate unique IDs"
				},
				{
					"ancestorTitles": ["generateClientId"],
					"duration": 1,
					"failureDetails": [],
					"failureMessages": [],
					"fullName": "generateClientId should generate 100 unique IDs",
					"invocations": 1,
					"location": null,
					"numPassingAsserts": 1,
					"retryReasons": [],
					"status": "passed",
					"title": "should generate 100 unique IDs"
				},
				{
					"ancestorTitles": ["trackObfuscation"],
					"duration": 0,
					"failureDetails": [],
					"failureMessages": [],
					"fullName": "trackObfuscation should track obfuscation event",
					"invocations": 1,
					"location": null,
					"numPassingAsserts": 2,
					"retryReasons": [],
					"status": "passed",
					"title": "should track obfuscation event"
				},
				{
					"ancestorTitles": ["trackObfuscation"],
					"duration": 0,
					"failureDetails": [],
					"failureMessages": [],
					"fullName": "trackObfuscation should include correct event parameters",
					"invocations": 1,
					"location": null,
					"numPassingAsserts": 4,
					"retryReasons": [],
					"status": "passed",
					"title": "should include correct event parameters"
				},
				{
					"ancestorTitles": ["trackObfuscation"],
					"duration": 0,
					"failureDetails": [],
					"failureMessages": [],
					"fullName": "trackObfuscation should handle optional user ID",
					"invocations": 1,
					"location": null,
					"numPassingAsserts": 1,
					"retryReasons": [],
					"status": "passed",
					"title": "should handle optional user ID"
				},
				{
					"ancestorTitles": ["trackDownload"],
					"duration": 0,
					"failureDetails": [],
					"failureMessages": [],
					"fullName": "trackDownload should track download event",
					"invocations": 1,
					"location": null,
					"numPassingAsserts": 2,
					"retryReasons": [],
					"status": "passed",
					"title": "should track download event"
				},
				{
					"ancestorTitles": ["trackDownload"],
					"duration": 0,
					"failureDetails": [],
					"failureMessages": [],
					"fullName": "trackDownload should include correct event parameters",
					"invocations": 1,
					"location": null,
					"numPassingAsserts": 2,
					"retryReasons": [],
					"status": "passed",
					"title": "should include correct event parameters"
				},
				{
					"ancestorTitles": ["trackCopy"],
					"duration": 0,
					"failureDetails": [],
					"failureMessages": [],
					"fullName": "trackCopy should track copy event",
					"invocations": 1,
					"location": null,
					"numPassingAsserts": 2,
					"retryReasons": [],
					"status": "passed",
					"title": "should track copy event"
				},
				{
					"ancestorTitles": ["trackCopy"],
					"duration": 1,
					"failureDetails": [],
					"failureMessages": [],
					"fullName": "trackCopy should include correct event parameters",
					"invocations": 1,
					"location": null,
					"numPassingAsserts": 2,
					"retryReasons": [],
					"status": "passed",
					"title": "should include correct event parameters"
				}
			],
			"endTime": 1760415252540,
			"message": "",
			"name": "/Users/billchirico/Developer/LUA-Obfuscator/web/__tests__/unit/lib/analytics-server.test.ts",
			"startTime": 1760415252496,
			"status": "passed",
			"summary": ""
		},
		{
			"assertionResults": [
				{
					"ancestorTitles": ["obfuscateLua convenience function"],
					"duration": 1,
					"failureDetails": [],
					"failureMessages": [],
					"fullName": "obfuscateLua convenience function should obfuscate code with default options",
					"invocations": 1,
					"location": null,
					"numPassingAsserts": 3,
					"retryReasons": [],
					"status": "passed",
					"title": "should obfuscate code with default options"
				},
				{
					"ancestorTitles": ["obfuscateLua convenience function"],
					"duration": 0,
					"failureDetails": [],
					"failureMessages": [],
					"fullName": "obfuscateLua convenience function should accept custom options",
					"invocations": 1,
					"location": null,
					"numPassingAsserts": 2,
					"retryReasons": [],
					"status": "passed",
					"title": "should accept custom options"
				},
				{
					"ancestorTitles": ["obfuscateLua convenience function"],
					"duration": 0,
					"failureDetails": [],
					"failureMessages": [],
					"fullName": "obfuscateLua convenience function should handle errors gracefully",
					"invocations": 1,
					"location": null,
					"numPassingAsserts": 3,
					"retryReasons": [],
					"status": "passed",
					"title": "should handle errors gracefully"
				},
				{
					"ancestorTitles": ["Protection Level Mapping"],
					"duration": 0,
					"failureDetails": [],
					"failureMessages": [],
					"fullName": "Protection Level Mapping protection level 0 should disable all obfuscation",
					"invocations": 1,
					"location": null,
					"numPassingAsserts": 2,
					"retryReasons": [],
					"status": "passed",
					"title": "protection level 0 should disable all obfuscation"
				},
				{
					"ancestorTitles": ["Protection Level Mapping"],
					"duration": 0,
					"failureDetails": [],
					"failureMessages": [],
					"fullName": "Protection Level Mapping protection level 10 should enable minify only",
					"invocations": 1,
					"location": null,
					"numPassingAsserts": 3,
					"retryReasons": [],
					"status": "passed",
					"title": "protection level 10 should enable minify only"
				},
				{
					"ancestorTitles": ["Protection Level Mapping"],
					"duration": 0,
					"failureDetails": [],
					"failureMessages": [],
					"fullName": "Protection Level Mapping protection level 20 should enable minify and name mangling",
					"invocations": 1,
					"location": null,
					"numPassingAsserts": 3,
					"retryReasons": [],
					"status": "passed",
					"title": "protection level 20 should enable minify and name mangling"
				},
				{
					"ancestorTitles": ["Protection Level Mapping"],
					"duration": 0,
					"failureDetails": [],
					"failureMessages": [],
					"fullName": "Protection Level Mapping protection level 40 should enable minify, mangle, and encode strings",
					"invocations": 1,
					"location": null,
					"numPassingAsserts": 3,
					"retryReasons": [],
					"status": "passed",
					"title": "protection level 40 should enable minify, mangle, and encode strings"
				},
				{
					"ancestorTitles": ["Protection Level Mapping"],
					"duration": 1,
					"failureDetails": [],
					"failureMessages": [],
					"fullName": "Protection Level Mapping protection level 60 should add number encoding",
					"invocations": 1,
					"location": null,
					"numPassingAsserts": 3,
					"retryReasons": [],
					"status": "passed",
					"title": "protection level 60 should add number encoding"
				},
				{
					"ancestorTitles": ["Protection Level Mapping"],
					"duration": 1,
					"failureDetails": [],
					"failureMessages": [],
					"fullName": "Protection Level Mapping protection level 80+ should enable all techniques",
					"invocations": 1,
					"location": null,
					"numPassingAsserts": 22,
					"retryReasons": [],
					"status": "passed",
					"title": "protection level 80+ should enable all techniques"
				},
				{
					"ancestorTitles": ["Protection Level Mapping"],
					"duration": 0,
					"failureDetails": [],
					"failureMessages": [],
					"fullName": "Protection Level Mapping protection level 100 should apply maximum obfuscation",
					"invocations": 1,
					"location": null,
					"numPassingAsserts": 5,
					"retryReasons": [],
					"status": "passed",
					"title": "protection level 100 should apply maximum obfuscation"
				},
				{
					"ancestorTitles": ["Protection Level Mapping"],
					"duration": 2,
					"failureDetails": [],
					"failureMessages": [],
					"fullName": "Protection Level Mapping should handle protection levels 0-100 in increments of 10",
					"invocations": 1,
					"location": null,
					"numPassingAsserts": 33,
					"retryReasons": [],
					"status": "passed",
					"title": "should handle protection levels 0-100 in increments of 10"
				},
				{
					"ancestorTitles": ["LuaObfuscator Class"],
					"duration": 0,
					"failureDetails": [],
					"failureMessages": [],
					"fullName": "LuaObfuscator Class should create instance successfully",
					"invocations": 1,
					"location": null,
					"numPassingAsserts": 1,
					"retryReasons": [],
					"status": "passed",
					"title": "should create instance successfully"
				},
				{
					"ancestorTitles": ["LuaObfuscator Class"],
					"duration": 0,
					"failureDetails": [],
					"failureMessages": [],
					"fullName": "LuaObfuscator Class should reset state between obfuscations",
					"invocations": 1,
					"location": null,
					"numPassingAsserts": 4,
					"retryReasons": [],
					"status": "passed",
					"title": "should reset state between obfuscations"
				},
				{
					"ancestorTitles": ["LuaObfuscator Class"],
					"duration": 0,
					"failureDetails": [],
					"failureMessages": [],
					"fullName": "LuaObfuscator Class should handle multiple consecutive obfuscations",
					"invocations": 1,
					"location": null,
					"numPassingAsserts": 6,
					"retryReasons": [],
					"status": "passed",
					"title": "should handle multiple consecutive obfuscations"
				},
				{
					"ancestorTitles": ["LuaObfuscator Class"],
					"duration": 0,
					"failureDetails": [],
					"failureMessages": [],
					"fullName": "LuaObfuscator Class should maintain consistency for same input",
					"invocations": 1,
					"location": null,
					"numPassingAsserts": 1,
					"retryReasons": [],
					"status": "passed",
					"title": "should maintain consistency for same input"
				},
				{
					"ancestorTitles": ["ObfuscationOptions Validation"],
					"duration": 1,
					"failureDetails": [],
					"failureMessages": [],
					"fullName": "ObfuscationOptions Validation should work with all options enabled",
					"invocations": 1,
					"location": null,
					"numPassingAsserts": 2,
					"retryReasons": [],
					"status": "passed",
					"title": "should work with all options enabled"
				},
				{
					"ancestorTitles": ["ObfuscationOptions Validation"],
					"duration": 0,
					"failureDetails": [],
					"failureMessages": [],
					"fullName": "ObfuscationOptions Validation should work with all options disabled",
					"invocations": 1,
					"location": null,
					"numPassingAsserts": 2,
					"retryReasons": [],
					"status": "passed",
					"title": "should work with all options disabled"
				},
				{
					"ancestorTitles": ["ObfuscationOptions Validation"],
					"duration": 0,
					"failureDetails": [],
					"failureMessages": [],
					"fullName": "ObfuscationOptions Validation should handle partial option sets",
					"invocations": 1,
					"location": null,
					"numPassingAsserts": 3,
					"retryReasons": [],
					"status": "passed",
					"title": "should handle partial option sets"
				},
				{
					"ancestorTitles": ["ObfuscationOptions Validation"],
					"duration": 0,
					"failureDetails": [],
					"failureMessages": [],
					"fullName": "ObfuscationOptions Validation should use default protection level if not specified",
					"invocations": 1,
					"location": null,
					"numPassingAsserts": 1,
					"retryReasons": [],
					"status": "passed",
					"title": "should use default protection level if not specified"
				},
				{
					"ancestorTitles": ["Error Handling in obfuscator-simple"],
					"duration": 0,
					"failureDetails": [],
					"failureMessages": [],
					"fullName": "Error Handling in obfuscator-simple should return error for invalid Lua syntax",
					"invocations": 1,
					"location": null,
					"numPassingAsserts": 3,
					"retryReasons": [],
					"status": "passed",
					"title": "should return error for invalid Lua syntax"
				},
				{
					"ancestorTitles": ["Error Handling in obfuscator-simple"],
					"duration": 0,
					"failureDetails": [],
					"failureMessages": [],
					"fullName": "Error Handling in obfuscator-simple should include error details",
					"invocations": 1,
					"location": null,
					"numPassingAsserts": 3,
					"retryReasons": [],
					"status": "passed",
					"title": "should include error details"
				},
				{
					"ancestorTitles": ["Error Handling in obfuscator-simple"],
					"duration": 0,
					"failureDetails": [],
					"failureMessages": [],
					"fullName": "Error Handling in obfuscator-simple should handle empty input",
					"invocations": 1,
					"location": null,
					"numPassingAsserts": 2,
					"retryReasons": [],
					"status": "passed",
					"title": "should handle empty input"
				},
				{
					"ancestorTitles": ["Error Handling in obfuscator-simple"],
					"duration": 0,
					"failureDetails": [],
					"failureMessages": [],
					"fullName": "Error Handling in obfuscator-simple should handle whitespace-only input",
					"invocations": 1,
					"location": null,
					"numPassingAsserts": 2,
					"retryReasons": [],
					"status": "passed",
					"title": "should handle whitespace-only input"
				},
				{
					"ancestorTitles": ["Error Handling in obfuscator-simple"],
					"duration": 1,
					"failureDetails": [],
					"failureMessages": [],
					"fullName": "Error Handling in obfuscator-simple should catch and return obfuscation errors",
					"invocations": 1,
					"location": null,
					"numPassingAsserts": 2,
					"retryReasons": [],
					"status": "passed",
					"title": "should catch and return obfuscation errors"
				},
				{
					"ancestorTitles": ["Advanced Option Combinations"],
					"duration": 0,
					"failureDetails": [],
					"failureMessages": [],
					"fullName": "Advanced Option Combinations should apply options in correct order",
					"invocations": 1,
					"location": null,
					"numPassingAsserts": 5,
					"retryReasons": [],
					"status": "passed",
					"title": "should apply options in correct order"
				},
				{
					"ancestorTitles": ["Advanced Option Combinations"],
					"duration": 0,
					"failureDetails": [],
					"failureMessages": [],
					"fullName": "Advanced Option Combinations should preserve semantics with all options",
					"invocations": 1,
					"location": null,
					"numPassingAsserts": 2,
					"retryReasons": [],
					"status": "passed",
					"title": "should preserve semantics with all options"
				}
			],
			"endTime": 1760415252591,
			"message": "",
			"name": "/Users/billchirico/Developer/LUA-Obfuscator/web/__tests__/unit/lib/obfuscator-simple.test.ts",
			"startTime": 1760415252554,
			"status": "passed",
			"summary": ""
		},
		{
			"assertionResults": [
				{
					"ancestorTitles": ["generateLua", "Happy Path - Basic Node Types"],
					"duration": 0,
					"failureDetails": [],
					"failureMessages": [],
					"fullName": "generateLua Happy Path - Basic Node Types should generate code from empty AST",
					"invocations": 1,
					"location": null,
					"numPassingAsserts": 2,
					"retryReasons": [],
					"status": "passed",
					"title": "should generate code from empty AST"
				},
				{
					"ancestorTitles": ["generateLua", "Happy Path - Basic Node Types"],
					"duration": 0,
					"failureDetails": [],
					"failureMessages": [],
					"fullName": "generateLua Happy Path - Basic Node Types should generate variable declaration",
					"invocations": 1,
					"location": null,
					"numPassingAsserts": 3,
					"retryReasons": [],
					"status": "passed",
					"title": "should generate variable declaration"
				},
				{
					"ancestorTitles": ["generateLua", "Happy Path - Basic Node Types"],
					"duration": 1,
					"failureDetails": [],
					"failureMessages": [],
					"fullName": "generateLua Happy Path - Basic Node Types should generate function declaration",
					"invocations": 1,
					"location": null,
					"numPassingAsserts": 3,
					"retryReasons": [],
					"status": "passed",
					"title": "should generate function declaration"
				},
				{
					"ancestorTitles": ["generateLua", "Happy Path - Basic Node Types"],
					"duration": 0,
					"failureDetails": [],
					"failureMessages": [],
					"fullName": "generateLua Happy Path - Basic Node Types should generate local function",
					"invocations": 1,
					"location": null,
					"numPassingAsserts": 3,
					"retryReasons": [],
					"status": "passed",
					"title": "should generate local function"
				},
				{
					"ancestorTitles": ["generateLua", "Happy Path - Basic Node Types"],
					"duration": 0,
					"failureDetails": [],
					"failureMessages": [],
					"fullName": "generateLua Happy Path - Basic Node Types should generate return statement",
					"invocations": 1,
					"location": null,
					"numPassingAsserts": 2,
					"retryReasons": [],
					"status": "passed",
					"title": "should generate return statement"
				},
				{
					"ancestorTitles": ["generateLua", "Happy Path - Basic Node Types"],
					"duration": 0,
					"failureDetails": [],
					"failureMessages": [],
					"fullName": "generateLua Happy Path - Basic Node Types should generate multiple return values",
					"invocations": 1,
					"location": null,
					"numPassingAsserts": 4,
					"retryReasons": [],
					"status": "passed",
					"title": "should generate multiple return values"
				},
				{
					"ancestorTitles": ["generateLua", "Happy Path - Basic Node Types"],
					"duration": 0,
					"failureDetails": [],
					"failureMessages": [],
					"fullName": "generateLua Happy Path - Basic Node Types should generate empty return",
					"invocations": 1,
					"location": null,
					"numPassingAsserts": 1,
					"retryReasons": [],
					"status": "passed",
					"title": "should generate empty return"
				},
				{
					"ancestorTitles": ["generateLua", "String Literals"],
					"duration": 0,
					"failureDetails": [],
					"failureMessages": [],
					"fullName": "generateLua String Literals should generate simple string literal",
					"invocations": 1,
					"location": null,
					"numPassingAsserts": 1,
					"retryReasons": [],
					"status": "passed",
					"title": "should generate simple string literal"
				},
				{
					"ancestorTitles": ["generateLua", "String Literals"],
					"duration": 0,
					"failureDetails": [],
					"failureMessages": [],
					"fullName": "generateLua String Literals should handle double quotes",
					"invocations": 1,
					"location": null,
					"numPassingAsserts": 1,
					"retryReasons": [],
					"status": "passed",
					"title": "should handle double quotes"
				},
				{
					"ancestorTitles": ["generateLua", "String Literals"],
					"duration": 0,
					"failureDetails": [],
					"failureMessages": [],
					"fullName": "generateLua String Literals should handle single quotes",
					"invocations": 1,
					"location": null,
					"numPassingAsserts": 1,
					"retryReasons": [],
					"status": "passed",
					"title": "should handle single quotes"
				},
				{
					"ancestorTitles": ["generateLua", "String Literals"],
					"duration": 0,
					"failureDetails": [],
					"failureMessages": [],
					"fullName": "generateLua String Literals should escape special characters",
					"invocations": 1,
					"location": null,
					"numPassingAsserts": 3,
					"retryReasons": [],
					"status": "passed",
					"title": "should escape special characters"
				},
				{
					"ancestorTitles": ["generateLua", "String Literals"],
					"duration": 0,
					"failureDetails": [],
					"failureMessages": [],
					"fullName": "generateLua String Literals should handle empty strings",
					"invocations": 1,
					"location": null,
					"numPassingAsserts": 1,
					"retryReasons": [],
					"status": "passed",
					"title": "should handle empty strings"
				},
				{
					"ancestorTitles": ["generateLua", "String Literals"],
					"duration": 0,
					"failureDetails": [],
					"failureMessages": [],
					"fullName": "generateLua String Literals should handle unicode strings",
					"invocations": 1,
					"location": null,
					"numPassingAsserts": 1,
					"retryReasons": [],
					"status": "passed",
					"title": "should handle unicode strings"
				},
				{
					"ancestorTitles": ["generateLua", "Table Constructors"],
					"duration": 1,
					"failureDetails": [],
					"failureMessages": [],
					"fullName": "generateLua Table Constructors should generate empty table",
					"invocations": 1,
					"location": null,
					"numPassingAsserts": 1,
					"retryReasons": [],
					"status": "passed",
					"title": "should generate empty table"
				},
				{
					"ancestorTitles": ["generateLua", "Table Constructors"],
					"duration": 0,
					"failureDetails": [],
					"failureMessages": [],
					"fullName": "generateLua Table Constructors should generate table with named fields",
					"invocations": 1,
					"location": null,
					"numPassingAsserts": 4,
					"retryReasons": [],
					"status": "passed",
					"title": "should generate table with named fields"
				},
				{
					"ancestorTitles": ["generateLua", "Table Constructors"],
					"duration": 0,
					"failureDetails": [],
					"failureMessages": [],
					"fullName": "generateLua Table Constructors should generate table with bracket keys",
					"invocations": 1,
					"location": null,
					"numPassingAsserts": 2,
					"retryReasons": [],
					"status": "passed",
					"title": "should generate table with bracket keys"
				},
				{
					"ancestorTitles": ["generateLua", "Table Constructors"],
					"duration": 0,
					"failureDetails": [],
					"failureMessages": [],
					"fullName": "generateLua Table Constructors should generate array-style table",
					"invocations": 1,
					"location": null,
					"numPassingAsserts": 2,
					"retryReasons": [],
					"status": "passed",
					"title": "should generate array-style table"
				},
				{
					"ancestorTitles": ["generateLua", "Table Constructors"],
					"duration": 1,
					"failureDetails": [],
					"failureMessages": [],
					"fullName": "generateLua Table Constructors should generate nested tables",
					"invocations": 1,
					"location": null,
					"numPassingAsserts": 4,
					"retryReasons": [],
					"status": "passed",
					"title": "should generate nested tables"
				},
				{
					"ancestorTitles": ["generateLua", "Control Flow Statements"],
					"duration": 0,
					"failureDetails": [],
					"failureMessages": [],
					"fullName": "generateLua Control Flow Statements should generate if statement",
					"invocations": 1,
					"location": null,
					"numPassingAsserts": 4,
					"retryReasons": [],
					"status": "passed",
					"title": "should generate if statement"
				},
				{
					"ancestorTitles": ["generateLua", "Control Flow Statements"],
					"duration": 0,
					"failureDetails": [],
					"failureMessages": [],
					"fullName": "generateLua Control Flow Statements should generate if-elseif-else statement",
					"invocations": 1,
					"location": null,
					"numPassingAsserts": 4,
					"retryReasons": [],
					"status": "passed",
					"title": "should generate if-elseif-else statement"
				},
				{
					"ancestorTitles": ["generateLua", "Control Flow Statements"],
					"duration": 0,
					"failureDetails": [],
					"failureMessages": [],
					"fullName": "generateLua Control Flow Statements should generate while loop",
					"invocations": 1,
					"location": null,
					"numPassingAsserts": 3,
					"retryReasons": [],
					"status": "passed",
					"title": "should generate while loop"
				},
				{
					"ancestorTitles": ["generateLua", "Control Flow Statements"],
					"duration": 0,
					"failureDetails": [],
					"failureMessages": [],
					"fullName": "generateLua Control Flow Statements should generate repeat-until loop",
					"invocations": 1,
					"location": null,
					"numPassingAsserts": 2,
					"retryReasons": [],
					"status": "passed",
					"title": "should generate repeat-until loop"
				},
				{
					"ancestorTitles": ["generateLua", "Control Flow Statements"],
					"duration": 0,
					"failureDetails": [],
					"failureMessages": [],
					"fullName": "generateLua Control Flow Statements should generate numeric for loop",
					"invocations": 1,
					"location": null,
					"numPassingAsserts": 4,
					"retryReasons": [],
					"status": "passed",
					"title": "should generate numeric for loop"
				},
				{
					"ancestorTitles": ["generateLua", "Control Flow Statements"],
					"duration": 0,
					"failureDetails": [],
					"failureMessages": [],
					"fullName": "generateLua Control Flow Statements should generate numeric for loop with step",
					"invocations": 1,
					"location": null,
					"numPassingAsserts": 2,
					"retryReasons": [],
					"status": "passed",
					"title": "should generate numeric for loop with step"
				},
				{
					"ancestorTitles": ["generateLua", "Control Flow Statements"],
					"duration": 0,
					"failureDetails": [],
					"failureMessages": [],
					"fullName": "generateLua Control Flow Statements should generate generic for loop",
					"invocations": 1,
					"location": null,
					"numPassingAsserts": 4,
					"retryReasons": [],
					"status": "passed",
					"title": "should generate generic for loop"
				},
				{
					"ancestorTitles": ["generateLua", "Control Flow Statements"],
					"duration": 0,
					"failureDetails": [],
					"failureMessages": [],
					"fullName": "generateLua Control Flow Statements should generate break statement",
					"invocations": 1,
					"location": null,
					"numPassingAsserts": 1,
					"retryReasons": [],
					"status": "passed",
					"title": "should generate break statement"
				},
				{
					"ancestorTitles": ["generateLua", "Control Flow Statements"],
					"duration": 1,
					"failureDetails": [],
					"failureMessages": [],
					"fullName": "generateLua Control Flow Statements should generate do block",
					"invocations": 1,
					"location": null,
					"numPassingAsserts": 2,
					"retryReasons": [],
					"status": "passed",
					"title": "should generate do block"
				},
				{
					"ancestorTitles": ["generateLua", "Expressions"],
					"duration": 0,
					"failureDetails": [],
					"failureMessages": [],
					"fullName": "generateLua Expressions should generate binary expressions",
					"invocations": 1,
					"location": null,
					"numPassingAsserts": 4,
					"retryReasons": [],
					"status": "passed",
					"title": "should generate binary expressions"
				},
				{
					"ancestorTitles": ["generateLua", "Expressions"],
					"duration": 0,
					"failureDetails": [],
					"failureMessages": [],
					"fullName": "generateLua Expressions should generate comparison expressions",
					"invocations": 1,
					"location": null,
					"numPassingAsserts": 5,
					"retryReasons": [],
					"status": "passed",
					"title": "should generate comparison expressions"
				},
				{
					"ancestorTitles": ["generateLua", "Expressions"],
					"duration": 0,
					"failureDetails": [],
					"failureMessages": [],
					"fullName": "generateLua Expressions should generate unary expressions",
					"invocations": 1,
					"location": null,
					"numPassingAsserts": 1,
					"retryReasons": [],
					"status": "passed",
					"title": "should generate unary expressions"
				},
				{
					"ancestorTitles": ["generateLua", "Expressions"],
					"duration": 0,
					"failureDetails": [],
					"failureMessages": [],
					"fullName": "generateLua Expressions should generate length operator",
					"invocations": 1,
					"location": null,
					"numPassingAsserts": 1,
					"retryReasons": [],
					"status": "passed",
					"title": "should generate length operator"
				},
				{
					"ancestorTitles": ["generateLua", "Expressions"],
					"duration": 0,
					"failureDetails": [],
					"failureMessages": [],
					"fullName": "generateLua Expressions should generate string concatenation",
					"invocations": 1,
					"location": null,
					"numPassingAsserts": 1,
					"retryReasons": [],
					"status": "passed",
					"title": "should generate string concatenation"
				},
				{
					"ancestorTitles": ["generateLua", "Expressions"],
					"duration": 1,
					"failureDetails": [],
					"failureMessages": [],
					"fullName": "generateLua Expressions should generate logical expressions",
					"invocations": 1,
					"location": null,
					"numPassingAsserts": 3,
					"retryReasons": [],
					"status": "passed",
					"title": "should generate logical expressions"
				},
				{
					"ancestorTitles": ["generateLua", "Member and Index Access"],
					"duration": 0,
					"failureDetails": [],
					"failureMessages": [],
					"fullName": "generateLua Member and Index Access should generate member access",
					"invocations": 1,
					"location": null,
					"numPassingAsserts": 3,
					"retryReasons": [],
					"status": "passed",
					"title": "should generate member access"
				},
				{
					"ancestorTitles": ["generateLua", "Member and Index Access"],
					"duration": 0,
					"failureDetails": [],
					"failureMessages": [],
					"fullName": "generateLua Member and Index Access should generate index access",
					"invocations": 1,
					"location": null,
					"numPassingAsserts": 2,
					"retryReasons": [],
					"status": "passed",
					"title": "should generate index access"
				},
				{
					"ancestorTitles": ["generateLua", "Member and Index Access"],
					"duration": 0,
					"failureDetails": [],
					"failureMessages": [],
					"fullName": "generateLua Member and Index Access should generate chained member access",
					"invocations": 1,
					"location": null,
					"numPassingAsserts": 4,
					"retryReasons": [],
					"status": "passed",
					"title": "should generate chained member access"
				},
				{
					"ancestorTitles": ["generateLua", "Member and Index Access"],
					"duration": 0,
					"failureDetails": [],
					"failureMessages": [],
					"fullName": "generateLua Member and Index Access should generate chained index access",
					"invocations": 1,
					"location": null,
					"numPassingAsserts": 2,
					"retryReasons": [],
					"status": "passed",
					"title": "should generate chained index access"
				},
				{
					"ancestorTitles": ["generateLua", "Function Calls"],
					"duration": 0,
					"failureDetails": [],
					"failureMessages": [],
					"fullName": "generateLua Function Calls should generate simple function call",
					"invocations": 1,
					"location": null,
					"numPassingAsserts": 3,
					"retryReasons": [],
					"status": "passed",
					"title": "should generate simple function call"
				},
				{
					"ancestorTitles": ["generateLua", "Function Calls"],
					"duration": 1,
					"failureDetails": [],
					"failureMessages": [],
					"fullName": "generateLua Function Calls should generate function call with arguments",
					"invocations": 1,
					"location": null,
					"numPassingAsserts": 4,
					"retryReasons": [],
					"status": "passed",
					"title": "should generate function call with arguments"
				},
				{
					"ancestorTitles": ["generateLua", "Function Calls"],
					"duration": 0,
					"failureDetails": [],
					"failureMessages": [],
					"fullName": "generateLua Function Calls should generate nested function calls",
					"invocations": 1,
					"location": null,
					"numPassingAsserts": 3,
					"retryReasons": [],
					"status": "passed",
					"title": "should generate nested function calls"
				},
				{
					"ancestorTitles": ["generateLua", "Numeric and Boolean Literals"],
					"duration": 0,
					"failureDetails": [],
					"failureMessages": [],
					"fullName": "generateLua Numeric and Boolean Literals should generate numeric literal",
					"invocations": 1,
					"location": null,
					"numPassingAsserts": 1,
					"retryReasons": [],
					"status": "passed",
					"title": "should generate numeric literal"
				},
				{
					"ancestorTitles": ["generateLua", "Numeric and Boolean Literals"],
					"duration": 0,
					"failureDetails": [],
					"failureMessages": [],
					"fullName": "generateLua Numeric and Boolean Literals should generate decimal literal",
					"invocations": 1,
					"location": null,
					"numPassingAsserts": 1,
					"retryReasons": [],
					"status": "passed",
					"title": "should generate decimal literal"
				},
				{
					"ancestorTitles": ["generateLua", "Numeric and Boolean Literals"],
					"duration": 0,
					"failureDetails": [],
					"failureMessages": [],
					"fullName": "generateLua Numeric and Boolean Literals should generate boolean true",
					"invocations": 1,
					"location": null,
					"numPassingAsserts": 1,
					"retryReasons": [],
					"status": "passed",
					"title": "should generate boolean true"
				},
				{
					"ancestorTitles": ["generateLua", "Numeric and Boolean Literals"],
					"duration": 0,
					"failureDetails": [],
					"failureMessages": [],
					"fullName": "generateLua Numeric and Boolean Literals should generate boolean false",
					"invocations": 1,
					"location": null,
					"numPassingAsserts": 1,
					"retryReasons": [],
					"status": "passed",
					"title": "should generate boolean false"
				},
				{
					"ancestorTitles": ["generateLua", "Numeric and Boolean Literals"],
					"duration": 0,
					"failureDetails": [],
					"failureMessages": [],
					"fullName": "generateLua Numeric and Boolean Literals should generate nil literal",
					"invocations": 1,
					"location": null,
					"numPassingAsserts": 1,
					"retryReasons": [],
					"status": "passed",
					"title": "should generate nil literal"
				},
				{
					"ancestorTitles": ["generateLua", "Complex Programs"],
					"duration": 0,
					"failureDetails": [],
					"failureMessages": [],
					"fullName": "generateLua Complex Programs should generate fibonacci function",
					"invocations": 1,
					"location": null,
					"numPassingAsserts": 4,
					"retryReasons": [],
					"status": "passed",
					"title": "should generate fibonacci function"
				},
				{
					"ancestorTitles": ["generateLua", "Complex Programs"],
					"duration": 1,
					"failureDetails": [],
					"failureMessages": [],
					"fullName": "generateLua Complex Programs should generate factorial function",
					"invocations": 1,
					"location": null,
					"numPassingAsserts": 3,
					"retryReasons": [],
					"status": "passed",
					"title": "should generate factorial function"
				},
				{
					"ancestorTitles": ["generateLua", "Edge Cases"],
					"duration": 0,
					"failureDetails": [],
					"failureMessages": [],
					"fullName": "generateLua Edge Cases should handle null node",
					"invocations": 1,
					"location": null,
					"numPassingAsserts": 1,
					"retryReasons": [],
					"status": "passed",
					"title": "should handle null node"
				},
				{
					"ancestorTitles": ["generateLua", "Edge Cases"],
					"duration": 0,
					"failureDetails": [],
					"failureMessages": [],
					"fullName": "generateLua Edge Cases should handle undefined node",
					"invocations": 1,
					"location": null,
					"numPassingAsserts": 1,
					"retryReasons": [],
					"status": "passed",
					"title": "should handle undefined node"
				},
				{
					"ancestorTitles": ["generateLua", "Edge Cases"],
					"duration": 0,
					"failureDetails": [],
					"failureMessages": [],
					"fullName": "generateLua Edge Cases should handle unknown node types gracefully",
					"invocations": 1,
					"location": null,
					"numPassingAsserts": 2,
					"retryReasons": [],
					"status": "passed",
					"title": "should handle unknown node types gracefully"
				},
				{
					"ancestorTitles": ["generateLua", "Edge Cases"],
					"duration": 0,
					"failureDetails": [],
					"failureMessages": [],
					"fullName": "generateLua Edge Cases should handle empty chunk",
					"invocations": 1,
					"location": null,
					"numPassingAsserts": 1,
					"retryReasons": [],
					"status": "passed",
					"title": "should handle empty chunk"
				},
				{
					"ancestorTitles": ["generateLua", "Edge Cases"],
					"duration": 1,
					"failureDetails": [],
					"failureMessages": [],
					"fullName": "generateLua Edge Cases should handle deeply nested structures",
					"invocations": 1,
					"location": null,
					"numPassingAsserts": 2,
					"retryReasons": [],
					"status": "passed",
					"title": "should handle deeply nested structures"
				},
				{
					"ancestorTitles": ["generateLua", "Round-Trip Generation"],
					"duration": 0,
					"failureDetails": [],
					"failureMessages": [],
					"fullName": "generateLua Round-Trip Generation should generate code that can be parsed again",
					"invocations": 1,
					"location": null,
					"numPassingAsserts": 1,
					"retryReasons": [],
					"status": "passed",
					"title": "should generate code that can be parsed again"
				},
				{
					"ancestorTitles": ["generateLua", "Round-Trip Generation"],
					"duration": 0,
					"failureDetails": [],
					"failureMessages": [],
					"fullName": "generateLua Round-Trip Generation should preserve semantics for functions",
					"invocations": 1,
					"location": null,
					"numPassingAsserts": 2,
					"retryReasons": [],
					"status": "passed",
					"title": "should preserve semantics for functions"
				},
				{
					"ancestorTitles": ["generateLua", "Round-Trip Generation"],
					"duration": 0,
					"failureDetails": [],
					"failureMessages": [],
					"fullName": "generateLua Round-Trip Generation should preserve semantics for complex programs",
					"invocations": 1,
					"location": null,
					"numPassingAsserts": 1,
					"retryReasons": [],
					"status": "passed",
					"title": "should preserve semantics for complex programs"
				},
				{
					"ancestorTitles": ["generateLua", "Assignment Statements"],
					"duration": 0,
					"failureDetails": [],
					"failureMessages": [],
					"fullName": "generateLua Assignment Statements should generate simple assignment",
					"invocations": 1,
					"location": null,
					"numPassingAsserts": 3,
					"retryReasons": [],
					"status": "passed",
					"title": "should generate simple assignment"
				},
				{
					"ancestorTitles": ["generateLua", "Assignment Statements"],
					"duration": 0,
					"failureDetails": [],
					"failureMessages": [],
					"fullName": "generateLua Assignment Statements should generate multiple assignment",
					"invocations": 1,
					"location": null,
					"numPassingAsserts": 5,
					"retryReasons": [],
					"status": "passed",
					"title": "should generate multiple assignment"
				}
			],
			"endTime": 1760415252642,
			"message": "",
			"name": "/Users/billchirico/Developer/LUA-Obfuscator/web/__tests__/unit/lib/generator.test.ts",
			"startTime": 1760415252597,
			"status": "passed",
			"summary": ""
		},
		{
			"assertionResults": [
				{
					"ancestorTitles": ["getClientId"],
					"duration": 1,
					"failureDetails": [],
					"failureMessages": [],
					"fullName": "getClientId should generate and store new client ID if none exists",
					"invocations": 1,
					"location": null,
					"numPassingAsserts": 4,
					"retryReasons": [],
					"status": "passed",
					"title": "should generate and store new client ID if none exists"
				},
				{
					"ancestorTitles": ["getClientId"],
					"duration": 0,
					"failureDetails": [],
					"failureMessages": [],
					"fullName": "getClientId should return existing client ID from localStorage",
					"invocations": 1,
					"location": null,
					"numPassingAsserts": 1,
					"retryReasons": [],
					"status": "passed",
					"title": "should return existing client ID from localStorage"
				},
				{
					"ancestorTitles": ["getClientId"],
					"duration": 0,
					"failureDetails": [],
					"failureMessages": [],
					"fullName": "getClientId should return same client ID on multiple calls",
					"invocations": 1,
					"location": null,
					"numPassingAsserts": 2,
					"retryReasons": [],
					"status": "passed",
					"title": "should return same client ID on multiple calls"
				},
				{
					"ancestorTitles": ["getClientId"],
					"duration": 0,
					"failureDetails": [],
					"failureMessages": [],
					"fullName": "getClientId should generate unique IDs for different users",
					"invocations": 1,
					"location": null,
					"numPassingAsserts": 1,
					"retryReasons": [],
					"status": "passed",
					"title": "should generate unique IDs for different users"
				},
				{
					"ancestorTitles": ["getClientId"],
					"duration": 0,
					"failureDetails": [],
[...]
				"81": { "start": { "line": 526, "column": 39 }, "end": { "line": 526, "column": null } },
				"82": { "start": { "line": 554, "column": 39 }, "end": { "line": 554, "column": null } },
				"83": { "start": { "line": 571, "column": 39 }, "end": { "line": 571, "column": null } },
				"84": { "start": { "line": 606, "column": 26 }, "end": { "line": 606, "column": 34 } },
				"85": { "start": { "line": 607, "column": 12 }, "end": { "line": 615, "column": null } }
			},
			"fnMap": {
				"0": {
					"name": "Home",
					"decl": { "start": { "line": 174, "column": 24 }, "end": { "line": 174, "column": null } },
					"loc": { "start": { "line": 174, "column": 24 }, "end": { "line": 906, "column": null } }
				},
				"1": {
					"name": "(anonymous_5)",
					"decl": { "start": { "line": 193, "column": 11 }, "end": { "line": 193, "column": null } },
					"loc": { "start": { "line": 193, "column": 11 }, "end": { "line": 199, "column": 4 } }
				},
				"2": {
					"name": "(anonymous_6)",
					"decl": { "start": { "line": 196, "column": 28 }, "end": { "line": 196, "column": 34 } },
					"loc": { "start": { "line": 196, "column": 34 }, "end": { "line": 196, "column": 66 } }
				},
				"3": {
					"name": "(anonymous_7)",
					"decl": { "start": { "line": 197, "column": 10 }, "end": { "line": 197, "column": 16 } },
					"loc": { "start": { "line": 197, "column": 16 }, "end": { "line": 197, "column": null } }
				},
				"4": {
					"name": "(anonymous_8)",
					"decl": { "start": { "line": 202, "column": 27 }, "end": { "line": 202, "column": 28 } },
					"loc": { "start": { "line": 202, "column": 28 }, "end": { "line": 207, "column": null } }
				},
				"5": {
					"name": "(anonymous_9)",
					"decl": { "start": { "line": 209, "column": 23 }, "end": { "line": 209, "column": null } },
					"loc": { "start": { "line": 209, "column": 23 }, "end": { "line": 255, "column": null } }
				},
				"6": {
					"name": "(anonymous_10)",
					"decl": { "start": { "line": 215, "column": 13 }, "end": { "line": 215, "column": null } },
					"loc": { "start": { "line": 215, "column": 13 }, "end": { "line": 254, "column": 5 } }
				},
				"7": {
					"name": "(anonymous_11)",
					"decl": { "start": { "line": 246, "column": 13 }, "end": { "line": 246, "column": 20 } },
					"loc": { "start": { "line": 246, "column": 20 }, "end": { "line": 246, "column": null } }
				},
				"8": {
					"name": "(anonymous_12)",
					"decl": { "start": { "line": 257, "column": 25 }, "end": { "line": 257, "column": null } },
					"loc": { "start": { "line": 257, "column": 25 }, "end": { "line": 268, "column": null } }
				},
				"9": {
					"name": "(anonymous_13)",
					"decl": { "start": { "line": 261, "column": 14 }, "end": { "line": 261, "column": 20 } },
					"loc": { "start": { "line": 261, "column": 20 }, "end": { "line": 261, "column": 43 } }
				},
				"10": {
					"name": "(anonymous_14)",
					"decl": { "start": { "line": 264, "column": 38 }, "end": { "line": 264, "column": 45 } },
					"loc": { "start": { "line": 264, "column": 45 }, "end": { "line": 264, "column": null } }
				},
				"11": {
					"name": "(anonymous_15)",
					"decl": { "start": { "line": 270, "column": 22 }, "end": { "line": 270, "column": null } },
					"loc": { "start": { "line": 270, "column": 22 }, "end": { "line": 281, "column": null } }
				},
				"12": {
					"name": "(anonymous_16)",
					"decl": { "start": { "line": 280, "column": 41 }, "end": { "line": 280, "column": 48 } },
					"loc": { "start": { "line": 280, "column": 48 }, "end": { "line": 280, "column": null } }
				},
				"13": {
					"name": "(anonymous_17)",
					"decl": { "start": { "line": 284, "column": 31 }, "end": { "line": 284, "column": null } },
					"loc": { "start": { "line": 284, "column": 31 }, "end": { "line": 289, "column": null } }
				},
				"14": {
					"name": "(anonymous_18)",
					"decl": { "start": { "line": 489, "column": 28 }, "end": { "line": 489, "column": 39 } },
					"loc": { "start": { "line": 489, "column": 39 }, "end": { "line": 489, "column": null } }
				},
				"15": {
					"name": "(anonymous_19)",
					"decl": { "start": { "line": 509, "column": 28 }, "end": { "line": 509, "column": 39 } },
					"loc": { "start": { "line": 509, "column": 39 }, "end": { "line": 509, "column": null } }
				},
				"16": {
					"name": "(anonymous_20)",
					"decl": { "start": { "line": 526, "column": 28 }, "end": { "line": 526, "column": 39 } },
					"loc": { "start": { "line": 526, "column": 39 }, "end": { "line": 526, "column": null } }
				},
				"17": {
					"name": "(anonymous_21)",
					"decl": { "start": { "line": 554, "column": 28 }, "end": { "line": 554, "column": 39 } },
					"loc": { "start": { "line": 554, "column": 39 }, "end": { "line": 554, "column": null } }
				},
				"18": {
					"name": "(anonymous_22)",
					"decl": { "start": { "line": 571, "column": 28 }, "end": { "line": 571, "column": 39 } },
					"loc": { "start": { "line": 571, "column": 39 }, "end": { "line": 571, "column": null } }
				},
				"19": {
					"name": "(anonymous_23)",
					"decl": { "start": { "line": 605, "column": 26 }, "end": { "line": 605, "column": null } },
					"loc": { "start": { "line": 605, "column": 26 }, "end": { "line": 616, "column": null } }
				}
			},
			"branchMap": {
				"0": {
					"loc": { "start": { "line": 194, "column": 2 }, "end": { "line": 198, "column": null } },
					"type": "if",
					"locations": [{ "start": { "line": 194, "column": 2 }, "end": { "line": 198, "column": null } }]
				},
				"1": {
					"loc": { "start": { "line": 194, "column": 6 }, "end": { "line": 194, "column": 28 } },
					"type": "binary-expr",
					"locations": [
						{ "start": { "line": 194, "column": 6 }, "end": { "line": 194, "column": 20 } },
						{ "start": { "line": 194, "column": 20 }, "end": { "line": 194, "column": 28 } }
					]
				},
				"2": {
					"loc": { "start": { "line": 204, "column": 2 }, "end": { "line": 206, "column": null } },
					"type": "if",
					"locations": [{ "start": { "line": 204, "column": 2 }, "end": { "line": 206, "column": null } }]
				},
				"3": {
					"loc": { "start": { "line": 225, "column": 3 }, "end": { "line": 251, "column": null } },
					"type": "if",
					"locations": [
						{ "start": { "line": 225, "column": 3 }, "end": { "line": 251, "column": null } },
						{ "start": { "line": 247, "column": 10 }, "end": { "line": 251, "column": null } }
					]
				},
				"4": {
					"loc": { "start": { "line": 225, "column": 7 }, "end": { "line": 225, "column": 36 } },
					"type": "binary-expr",
					"locations": [
						{ "start": { "line": 225, "column": 7 }, "end": { "line": 225, "column": 21 } },
						{ "start": { "line": 225, "column": 25 }, "end": { "line": 225, "column": 36 } }
					]
				},
				"5": {
					"loc": { "start": { "line": 232, "column": 5 }, "end": { "line": 240, "column": null } },
					"type": "cond-expr",
					"locations": [
						{ "start": { "line": 233, "column": 8 }, "end": { "line": 233, "column": null } },
						{ "start": { "line": 234, "column": 8 }, "end": { "line": 240, "column": null } }
					]
				},
				"6": {
					"loc": { "start": { "line": 232, "column": 5 }, "end": { "line": 232, "column": 70 } },
					"type": "binary-expr",
					"locations": [
						{ "start": { "line": 232, "column": 5 }, "end": { "line": 232, "column": 25 } },
						{ "start": { "line": 232, "column": 29 }, "end": { "line": 232, "column": 51 } },
						{ "start": { "line": 232, "column": 55 }, "end": { "line": 232, "column": 70 } }
					]
				},
				"7": {
					"loc": { "start": { "line": 234, "column": 8 }, "end": { "line": 240, "column": null } },
					"type": "cond-expr",
					"locations": [
						{ "start": { "line": 235, "column": 9 }, "end": { "line": 235, "column": null } },
						{ "start": { "line": 236, "column": 9 }, "end": { "line": 240, "column": null } }
					]
				},
				"8": {
					"loc": { "start": { "line": 234, "column": 8 }, "end": { "line": 234, "column": 54 } },
					"type": "binary-expr",
					"locations": [
						{ "start": { "line": 234, "column": 8 }, "end": { "line": 234, "column": 28 } },
						{ "start": { "line": 234, "column": 32 }, "end": { "line": 234, "column": 54 } }
					]
				},
				"9": {
					"loc": { "start": { "line": 236, "column": 9 }, "end": { "line": 240, "column": null } },
					"type": "cond-expr",
					"locations": [
						{ "start": { "line": 237, "column": 10 }, "end": { "line": 237, "column": null } },
						{ "start": { "line": 238, "column": 10 }, "end": { "line": 240, "column": null } }
					]
				},
				"10": {
					"loc": { "start": { "line": 238, "column": 10 }, "end": { "line": 240, "column": null } },
					"type": "cond-expr",
					"locations": [
						{ "start": { "line": 239, "column": 11 }, "end": { "line": 239, "column": null } },
						{ "start": { "line": 240, "column": 11 }, "end": { "line": 240, "column": null } }
					]
				},
				"11": {
					"loc": { "start": { "line": 248, "column": 13 }, "end": { "line": 248, "column": null } },
					"type": "binary-expr",
					"locations": [
						{ "start": { "line": 248, "column": 13 }, "end": { "line": 248, "column": 25 } },
						{ "start": { "line": 248, "column": 29 }, "end": { "line": 248, "column": null } }
					]
				},
				"12": {
					"loc": { "start": { "line": 285, "column": 2 }, "end": { "line": 285, "column": null } },
					"type": "if",
					"locations": [{ "start": { "line": 285, "column": 2 }, "end": { "line": 285, "column": null } }]
				},
				"13": {
					"loc": { "start": { "line": 286, "column": 2 }, "end": { "line": 286, "column": null } },
					"type": "if",
					"locations": [{ "start": { "line": 286, "column": 2 }, "end": { "line": 286, "column": null } }]
				},
				"14": {
					"loc": { "start": { "line": 287, "column": 2 }, "end": { "line": 287, "column": null } },
					"type": "if",
					"locations": [{ "start": { "line": 287, "column": 2 }, "end": { "line": 287, "column": null } }]
				},
				"15": {
					"loc": { "start": { "line": 332, "column": 19 }, "end": { "line": 332, "column": null } },
					"type": "cond-expr",
					"locations": [
						{ "start": { "line": 332, "column": 33 }, "end": { "line": 332, "column": 57 } },
						{ "start": { "line": 332, "column": 57 }, "end": { "line": 332, "column": null } }
					]
				},
				"16": {
					"loc": { "start": { "line": 335, "column": 8 }, "end": { "line": 340, "column": null } },
					"type": "cond-expr",
					"locations": [{ "start": { "line": 335, "column": 8 }, "end": { "line": 340, "column": null } }]
				},
				"17": {
					"loc": { "start": { "line": 357, "column": 17 }, "end": { "line": 357, "column": null } },
					"type": "binary-expr",
					"locations": [
						{ "start": { "line": 357, "column": 17 }, "end": { "line": 357, "column": 31 } },
						{ "start": { "line": 357, "column": 31 }, "end": { "line": 357, "column": null } }
					]
				},
				"18": {
					"loc": { "start": { "line": 363, "column": 40 }, "end": { "line": 363, "column": null } },
					"type": "cond-expr",
					"locations": [
						{ "start": { "line": 363, "column": 55 }, "end": { "line": 363, "column": 73 } },
						{ "start": { "line": 363, "column": 73 }, "end": { "line": 363, "column": null } }
					]
				},
				"19": {
					"loc": { "start": { "line": 369, "column": 5 }, "end": { "line": 369, "column": null } },
					"type": "binary-expr",
					"locations": [{ "start": { "line": 369, "column": 5 }, "end": { "line": 369, "column": null } }]
				},
				"20": {
					"loc": { "start": { "line": 440, "column": 11 }, "end": { "line": 440, "column": null } },
					"type": "binary-expr",
					"locations": [{ "start": { "line": 440, "column": 11 }, "end": { "line": 440, "column": null } }]
				},
				"21": {
					"loc": { "start": { "line": 480, "column": 13 }, "end": { "line": 480, "column": 33 } },
					"type": "binary-expr",
					"locations": [{ "start": { "line": 480, "column": 13 }, "end": { "line": 480, "column": 33 } }]
				},
				"22": {
					"loc": { "start": { "line": 500, "column": 13 }, "end": { "line": 500, "column": 35 } },
					"type": "binary-expr",
					"locations": [{ "start": { "line": 500, "column": 13 }, "end": { "line": 500, "column": 35 } }]
				},
				"23": {
					"loc": { "start": { "line": 517, "column": 13 }, "end": { "line": 517, "column": 28 } },
					"type": "binary-expr",
					"locations": [{ "start": { "line": 517, "column": 13 }, "end": { "line": 517, "column": 28 } }]
				},
				"24": {
					"loc": { "start": { "line": 545, "column": 13 }, "end": { "line": 545, "column": 35 } },
					"type": "binary-expr",
					"locations": [{ "start": { "line": 545, "column": 13 }, "end": { "line": 545, "column": 35 } }]
				},
				"25": {
					"loc": { "start": { "line": 562, "column": 13 }, "end": { "line": 562, "column": 33 } },
					"type": "binary-expr",
					"locations": [{ "start": { "line": 562, "column": 13 }, "end": { "line": 562, "column": 33 } }]
				},
				"26": {
					"loc": { "start": { "line": 590, "column": 13 }, "end": { "line": 590, "column": null } },
					"type": "binary-expr",
					"locations": [
						{ "start": { "line": 590, "column": 13 }, "end": { "line": 590, "column": 46 } },
						{ "start": { "line": 590, "column": 46 }, "end": { "line": 590, "column": null } }
					]
				},
				"27": {
					"loc": { "start": { "line": 591, "column": 13 }, "end": { "line": 591, "column": null } },
					"type": "binary-expr",
					"locations": [
						{ "start": { "line": 591, "column": 13 }, "end": { "line": 591, "column": 45 } },
						{ "start": { "line": 591, "column": 45 }, "end": { "line": 591, "column": null } }
					]
				},
				"28": {
					"loc": { "start": { "line": 592, "column": 13 }, "end": { "line": 592, "column": null } },
					"type": "binary-expr",
					"locations": [
						{ "start": { "line": 592, "column": 13 }, "end": { "line": 592, "column": 48 } },
						{ "start": { "line": 592, "column": 48 }, "end": { "line": 592, "column": null } }
					]
				},
				"29": {
					"loc": { "start": { "line": 593, "column": 13 }, "end": { "line": 594, "column": null } },
					"type": "binary-expr",
					"locations": [
						{ "start": { "line": 593, "column": 13 }, "end": { "line": 593, "column": null } },
						{ "start": { "line": 594, "column": 14 }, "end": { "line": 594, "column": null } }
					]
				},
				"30": {
					"loc": { "start": { "line": 625, "column": 11 }, "end": { "line": 625, "column": null } },
					"type": "binary-expr",
					"locations": [
						{ "start": { "line": 625, "column": 11 }, "end": { "line": 625, "column": 44 } },
						{ "start": { "line": 625, "column": 44 }, "end": { "line": 625, "column": null } }
					]
				},
				"31": {
					"loc": { "start": { "line": 626, "column": 11 }, "end": { "line": 626, "column": null } },
					"type": "binary-expr",
					"locations": [
						{ "start": { "line": 626, "column": 11 }, "end": { "line": 626, "column": 43 } },
						{ "start": { "line": 626, "column": 43 }, "end": { "line": 626, "column": null } }
					]
				},
				"32": {
					"loc": { "start": { "line": 627, "column": 11 }, "end": { "line": 627, "column": null } },
					"type": "binary-expr",
					"locations": [
						{ "start": { "line": 627, "column": 11 }, "end": { "line": 627, "column": 46 } },
						{ "start": { "line": 627, "column": 46 }, "end": { "line": 627, "column": null } }
					]
				},
				"33": {
					"loc": { "start": { "line": 628, "column": 11 }, "end": { "line": 629, "column": null } },
					"type": "binary-expr",
					"locations": [
						{ "start": { "line": 628, "column": 11 }, "end": { "line": 628, "column": null } },
						{ "start": { "line": 629, "column": 12 }, "end": { "line": 629, "column": null } }
					]
				},
				"34": {
					"loc": { "start": { "line": 632, "column": 11 }, "end": { "line": 632, "column": null } },
					"type": "binary-expr",
					"locations": [{ "start": { "line": 632, "column": 11 }, "end": { "line": 632, "column": null } }]
				},
				"35": {
					"loc": { "start": { "line": 638, "column": 11 }, "end": { "line": 638, "column": 46 } },
					"type": "binary-expr",
					"locations": [
						{ "start": { "line": 638, "column": 11 }, "end": { "line": 638, "column": 46 } },
						{ "start": { "line": 638, "column": 46 }, "end": { "line": 638, "column": null } }
					]
				},
				"36": {
					"loc": { "start": { "line": 646, "column": 11 }, "end": { "line": 646, "column": 46 } },
					"type": "binary-expr",
					"locations": [
						{ "start": { "line": 646, "column": 11 }, "end": { "line": 646, "column": 46 } },
						{ "start": { "line": 646, "column": 46 }, "end": { "line": 646, "column": null } }
					]
				},
				"37": {
					"loc": { "start": { "line": 654, "column": 11 }, "end": { "line": 654, "column": 46 } },
					"type": "binary-expr",
					"locations": [
						{ "start": { "line": 654, "column": 11 }, "end": { "line": 654, "column": 46 } },
						{ "start": { "line": 654, "column": 46 }, "end": { "line": 654, "column": null } }
					]
				},
				"38": {
					"loc": { "start": { "line": 662, "column": 11 }, "end": { "line": 662, "column": 46 } },
					"type": "binary-expr",
					"locations": [
						{ "start": { "line": 662, "column": 11 }, "end": { "line": 662, "column": 46 } },
						{ "start": { "line": 662, "column": 46 }, "end": { "line": 662, "column": null } }
					]
				},
				"39": {
					"loc": { "start": { "line": 671, "column": 11 }, "end": { "line": 671, "column": null } },
					"type": "binary-expr",
					"locations": [{ "start": { "line": 671, "column": 11 }, "end": { "line": 671, "column": null } }]
				},
				"40": {
					"loc": { "start": { "line": 707, "column": 5 }, "end": { "line": 707, "column": null } },
					"type": "binary-expr",
					"locations": [{ "start": { "line": 707, "column": 5 }, "end": { "line": 707, "column": null } }]
				}
			},
			"s": {
				"0": 0,
				"1": 0,
				"2": 0,
				"3": 0,
				"4": 0,
				"5": 0,
				"6": 0,
				"7": 0,
				"8": 0,
				"9": 0,
				"10": 0,
				"11": 0,
				"12": 0,
				"13": 0,
				"14": 0,
				"15": 0,
				"16": 0,
				"17": 0,
				"18": 0,
				"19": 0,
				"20": 0,
				"21": 0,
				"22": 0,
				"23": 0,
				"24": 0,
				"25": 0,
				"26": 0,
				"27": 0,
				"28": 0,
				"29": 0,
				"30": 0,
				"31": 0,
				"32": 0,
				"33": 0,
				"34": 0,
				"35": 0,
				"36": 0,
				"37": 0,
				"38": 0,
				"39": 0,
				"40": 0,
				"41": 0,
				"42": 0,
				"43": 0,
				"44": 0,
				"45": 0,
				"46": 0,
				"47": 0,
				"48": 0,
				"49": 0,
				"50": 0,
				"51": 0,
				"52": 0,
				"53": 0,
				"54": 0,
				"55": 0,
				"56": 0,
				"57": 0,
				"58": 0,
				"59": 0,
				"60": 0,
				"61": 0,
				"62": 0,
				"63": 0,
				"64": 0,
				"65": 0,
				"66": 0,
				"67": 0,
				"68": 0,
				"69": 0,
				"70": 0,
				"71": 0,
				"72": 0,
				"73": 0,
				"74": 0,
				"75": 0,
				"76": 0,
				"77": 0,
				"78": 0,
				"79": 0,
				"80": 0,
				"81": 0,
				"82": 0,
				"83": 0,
				"84": 0,
				"85": 0
			},
			"f": {
				"0": 0,
				"1": 0,
				"2": 0,
				"3": 0,
				"4": 0,
				"5": 0,
				"6": 0,
				"7": 0,
				"8": 0,
				"9": 0,
				"10": 0,
				"11": 0,
				"12": 0,
				"13": 0,
				"14": 0,
				"15": 0,
				"16": 0,
				"17": 0,
				"18": 0,
				"19": 0
			},
			"b": {
				"0": [0],
				"1": [0, 0],
				"2": [0],
				"3": [0, 0],
				"4": [0, 0],
				"5": [0, 0],
				"6": [0, 0, 0],
				"7": [0, 0],
				"8": [0, 0],
				"9": [0, 0],
				"10": [0, 0],
				"11": [0, 0],
				"12": [0],
				"13": [0],
				"14": [0],
				"15": [0, 0],
				"16": [0],
				"17": [0, 0],
				"18": [0, 0],
				"19": [0],
				"20": [0],
				"21": [0],
				"22": [0],
				"23": [0],
				"24": [0],
				"25": [0],
				"26": [0, 0],
				"27": [0, 0],
				"28": [0, 0],
				"29": [0, 0],
				"30": [0, 0],
				"31": [0, 0],
				"32": [0, 0],
				"33": [0, 0],
				"34": [0],
				"35": [0, 0],
				"36": [0, 0],
				"37": [0, 0],
				"38": [0, 0],
				"39": [0],
				"40": [0]
			}
		}
	}
}
